Determining if the pthread_create exist failed with the following output:
Change Dir: /root/Документы/NN/ViZDoom-master/CMakeFiles/CMakeTmp

Run Build Command:"/usr/bin/make" "cmTryCompileExec466499338/fast"
/usr/bin/make -f CMakeFiles/cmTryCompileExec466499338.dir/build.make CMakeFiles/cmTryCompileExec466499338.dir/build
make[1]: вход в каталог «/root/Документы/NN/ViZDoom-master/CMakeFiles/CMakeTmp»
/usr/bin/cmake -E cmake_progress_report /root/Документы/NN/ViZDoom-master/CMakeFiles/CMakeTmp/CMakeFiles 1
Building C object CMakeFiles/cmTryCompileExec466499338.dir/CheckSymbolExists.c.o
/usr/bin/cc    -o CMakeFiles/cmTryCompileExec466499338.dir/CheckSymbolExists.c.o   -c /root/Документы/NN/ViZDoom-master/CMakeFiles/CMakeTmp/CheckSymbolExists.c
Linking C executable cmTryCompileExec466499338
/usr/bin/cmake -E cmake_link_script CMakeFiles/cmTryCompileExec466499338.dir/link.txt --verbose=1
/usr/bin/cc       CMakeFiles/cmTryCompileExec466499338.dir/CheckSymbolExists.c.o  -o cmTryCompileExec466499338 -rdynamic 
CMakeFiles/cmTryCompileExec466499338.dir/CheckSymbolExists.c.o: In function `main':
CheckSymbolExists.c:(.text+0x16): undefined reference to `pthread_create'
collect2: error: ld returned 1 exit status
CMakeFiles/cmTryCompileExec466499338.dir/build.make:88: ошибка выполнения рецепта для цели «cmTryCompileExec466499338»
make[1]: выход из каталога «/root/Документы/NN/ViZDoom-master/CMakeFiles/CMakeTmp»
Makefile:118: ошибка выполнения рецепта для цели «cmTryCompileExec466499338/fast»
make[1]: *** [cmTryCompileExec466499338] Ошибка 1
make: *** [cmTryCompileExec466499338/fast] Ошибка 2

File /root/Документы/NN/ViZDoom-master/CMakeFiles/CMakeTmp/CheckSymbolExists.c:
/* */
#include <pthread.h>

int main(int argc, char** argv)
{
  (void)argv;
#ifndef pthread_create
  return ((int*)(&pthread_create))[argc];
#else
  (void)argc;
  return 0;
#endif
}

Determining if the function pthread_create exists in the pthreads failed with the following output:
Change Dir: /root/Документы/NN/ViZDoom-master/CMakeFiles/CMakeTmp

Run Build Command:"/usr/bin/make" "cmTryCompileExec687268146/fast"
/usr/bin/make -f CMakeFiles/cmTryCompileExec687268146.dir/build.make CMakeFiles/cmTryCompileExec687268146.dir/build
make[1]: вход в каталог «/root/Документы/NN/ViZDoom-master/CMakeFiles/CMakeTmp»
/usr/bin/cmake -E cmake_progress_report /root/Документы/NN/ViZDoom-master/CMakeFiles/CMakeTmp/CMakeFiles 1
Building C object CMakeFiles/cmTryCompileExec687268146.dir/CheckFunctionExists.c.o
/usr/bin/cc   -DCHECK_FUNCTION_EXISTS=pthread_create   -o CMakeFiles/cmTryCompileExec687268146.dir/CheckFunctionExists.c.o   -c /usr/share/cmake-3.0/Modules/CheckFunctionExists.c
Linking C executable cmTryCompileExec687268146
/usr/bin/cmake -E cmake_link_script CMakeFiles/cmTryCompileExec687268146.dir/link.txt --verbose=1
/usr/bin/cc   -DCHECK_FUNCTION_EXISTS=pthread_create    CMakeFiles/cmTryCompileExec687268146.dir/CheckFunctionExists.c.o  -o cmTryCompileExec687268146 -rdynamic -lpthreads 
/usr/bin/ld: cannot find -lpthreads
collect2: error: ld returned 1 exit status
CMakeFiles/cmTryCompileExec687268146.dir/build.make:88: ошибка выполнения рецепта для цели «cmTryCompileExec687268146»
make[1]: выход из каталога «/root/Документы/NN/ViZDoom-master/CMakeFiles/CMakeTmp»
Makefile:118: ошибка выполнения рецепта для цели «cmTryCompileExec687268146/fast»
make[1]: *** [cmTryCompileExec687268146] Ошибка 1
make: *** [cmTryCompileExec687268146/fast] Ошибка 2


Determining if the function itoa exists failed with the following output:
Change Dir: /root/Документы/NN/ViZDoom-master/CMakeFiles/CMakeTmp

Run Build Command:"/usr/bin/make" "cmTryCompileExec3013701076/fast"
/usr/bin/make -f CMakeFiles/cmTryCompileExec3013701076.dir/build.make CMakeFiles/cmTryCompileExec3013701076.dir/build
make[1]: вход в каталог «/root/Документы/NN/ViZDoom-master/CMakeFiles/CMakeTmp»
/usr/bin/cmake -E cmake_progress_report /root/Документы/NN/ViZDoom-master/CMakeFiles/CMakeTmp/CMakeFiles 1
Building C object CMakeFiles/cmTryCompileExec3013701076.dir/CheckFunctionExists.c.o
/usr/bin/cc   -Wall -Wno-pointer-sign -Wno-uninitialized -Wno-unused-but-set-variable -DCHECK_FUNCTION_EXISTS=itoa   -o CMakeFiles/cmTryCompileExec3013701076.dir/CheckFunctionExists.c.o   -c /usr/share/cmake-3.0/Modules/CheckFunctionExists.c
Linking C executable cmTryCompileExec3013701076
/usr/bin/cmake -E cmake_link_script CMakeFiles/cmTryCompileExec3013701076.dir/link.txt --verbose=1
/usr/bin/cc    -Wall -Wno-pointer-sign -Wno-uninitialized -Wno-unused-but-set-variable -DCHECK_FUNCTION_EXISTS=itoa    CMakeFiles/cmTryCompileExec3013701076.dir/CheckFunctionExists.c.o  -o cmTryCompileExec3013701076 -rdynamic 
CMakeFiles/cmTryCompileExec3013701076.dir/CheckFunctionExists.c.o: In function `main':
CheckFunctionExists.c:(.text+0x15): undefined reference to `itoa'
collect2: error: ld returned 1 exit status
CMakeFiles/cmTryCompileExec3013701076.dir/build.make:88: ошибка выполнения рецепта для цели «cmTryCompileExec3013701076»
make[1]: выход из каталога «/root/Документы/NN/ViZDoom-master/CMakeFiles/CMakeTmp»
make[1]: *** [cmTryCompileExec3013701076] Ошибка 1
Makefile:118: ошибка выполнения рецепта для цели «cmTryCompileExec3013701076/fast»
make: *** [cmTryCompileExec3013701076/fast] Ошибка 2


Determining if the function filelength exists failed with the following output:
Change Dir: /root/Документы/NN/ViZDoom-master/CMakeFiles/CMakeTmp

Run Build Command:"/usr/bin/make" "cmTryCompileExec1911419693/fast"
/usr/bin/make -f CMakeFiles/cmTryCompileExec1911419693.dir/build.make CMakeFiles/cmTryCompileExec1911419693.dir/build
make[1]: вход в каталог «/root/Документы/NN/ViZDoom-master/CMakeFiles/CMakeTmp»
/usr/bin/cmake -E cmake_progress_report /root/Документы/NN/ViZDoom-master/CMakeFiles/CMakeTmp/CMakeFiles 1
Building C object CMakeFiles/cmTryCompileExec1911419693.dir/CheckFunctionExists.c.o
/usr/bin/cc   -Wall -Wextra -Wno-unused -Wno-unused-parameter -Wno-missing-field-initializers -Wno-unused-result   -DCHECK_FUNCTION_EXISTS=filelength   -o CMakeFiles/cmTryCompileExec1911419693.dir/CheckFunctionExists.c.o   -c /usr/share/cmake-3.0/Modules/CheckFunctionExists.c
Linking C executable cmTryCompileExec1911419693
/usr/bin/cmake -E cmake_link_script CMakeFiles/cmTryCompileExec1911419693.dir/link.txt --verbose=1
/usr/bin/cc  -Wall -Wextra -Wno-unused -Wno-unused-parameter -Wno-missing-field-initializers -Wno-unused-result   -DCHECK_FUNCTION_EXISTS=filelength    CMakeFiles/cmTryCompileExec1911419693.dir/CheckFunctionExists.c.o  -o cmTryCompileExec1911419693 -rdynamic 
CMakeFiles/cmTryCompileExec1911419693.dir/CheckFunctionExists.c.o: In function `main':
CheckFunctionExists.c:(.text+0x15): undefined reference to `filelength'
collect2: error: ld returned 1 exit status
CMakeFiles/cmTryCompileExec1911419693.dir/build.make:88: ошибка выполнения рецепта для цели «cmTryCompileExec1911419693»
make[1]: выход из каталога «/root/Документы/NN/ViZDoom-master/CMakeFiles/CMakeTmp»
make[1]: *** [cmTryCompileExec1911419693] Ошибка 1
Makefile:118: ошибка выполнения рецепта для цели «cmTryCompileExec1911419693/fast»
make: *** [cmTryCompileExec1911419693/fast] Ошибка 2


Determining if the function strupr exists failed with the following output:
Change Dir: /root/Документы/NN/ViZDoom-master/CMakeFiles/CMakeTmp

Run Build Command:"/usr/bin/make" "cmTryCompileExec561271687/fast"
/usr/bin/make -f CMakeFiles/cmTryCompileExec561271687.dir/build.make CMakeFiles/cmTryCompileExec561271687.dir/build
make[1]: вход в каталог «/root/Документы/NN/ViZDoom-master/CMakeFiles/CMakeTmp»
/usr/bin/cmake -E cmake_progress_report /root/Документы/NN/ViZDoom-master/CMakeFiles/CMakeTmp/CMakeFiles 1
Building C object CMakeFiles/cmTryCompileExec561271687.dir/CheckFunctionExists.c.o
/usr/bin/cc   -Wall -Wextra -Wno-unused -Wno-unused-parameter -Wno-missing-field-initializers -Wno-unused-result   -DCHECK_FUNCTION_EXISTS=strupr   -o CMakeFiles/cmTryCompileExec561271687.dir/CheckFunctionExists.c.o   -c /usr/share/cmake-3.0/Modules/CheckFunctionExists.c
Linking C executable cmTryCompileExec561271687
/usr/bin/cmake -E cmake_link_script CMakeFiles/cmTryCompileExec561271687.dir/link.txt --verbose=1
/usr/bin/cc  -Wall -Wextra -Wno-unused -Wno-unused-parameter -Wno-missing-field-initializers -Wno-unused-result   -DCHECK_FUNCTION_EXISTS=strupr    CMakeFiles/cmTryCompileExec561271687.dir/CheckFunctionExists.c.o  -o cmTryCompileExec561271687 -rdynamic 
CMakeFiles/cmTryCompileExec561271687.dir/CheckFunctionExists.c.o: In function `main':
CheckFunctionExists.c:(.text+0x15): undefined reference to `strupr'
collect2: error: ld returned 1 exit status
CMakeFiles/cmTryCompileExec561271687.dir/build.make:88: ошибка выполнения рецепта для цели «cmTryCompileExec561271687»
make[1]: выход из каталога «/root/Документы/NN/ViZDoom-master/CMakeFiles/CMakeTmp»
Makefile:118: ошибка выполнения рецепта для цели «cmTryCompileExec561271687/fast»
make[1]: *** [cmTryCompileExec561271687] Ошибка 1
make: *** [cmTryCompileExec561271687/fast] Ошибка 2


Determining if the function stricmp exists failed with the following output:
Change Dir: /root/Документы/NN/ViZDoom-master/CMakeFiles/CMakeTmp

Run Build Command:"/usr/bin/make" "cmTryCompileExec2849407790/fast"
/usr/bin/make -f CMakeFiles/cmTryCompileExec2849407790.dir/build.make CMakeFiles/cmTryCompileExec2849407790.dir/build
make[1]: вход в каталог «/root/Документы/NN/ViZDoom-master/CMakeFiles/CMakeTmp»
/usr/bin/cmake -E cmake_progress_report /root/Документы/NN/ViZDoom-master/CMakeFiles/CMakeTmp/CMakeFiles 1
Building C object CMakeFiles/cmTryCompileExec2849407790.dir/CheckFunctionExists.c.o
/usr/bin/cc   -Wall -Wextra -Wno-unused -Wno-unused-parameter -Wno-missing-field-initializers -Wno-unused-result   -DCHECK_FUNCTION_EXISTS=stricmp   -o CMakeFiles/cmTryCompileExec2849407790.dir/CheckFunctionExists.c.o   -c /usr/share/cmake-3.0/Modules/CheckFunctionExists.c
Linking C executable cmTryCompileExec2849407790
/usr/bin/cmake -E cmake_link_script CMakeFiles/cmTryCompileExec2849407790.dir/link.txt --verbose=1
/usr/bin/cc  -Wall -Wextra -Wno-unused -Wno-unused-parameter -Wno-missing-field-initializers -Wno-unused-result   -DCHECK_FUNCTION_EXISTS=stricmp    CMakeFiles/cmTryCompileExec2849407790.dir/CheckFunctionExists.c.o  -o cmTryCompileExec2849407790 -rdynamic 
CMakeFiles/cmTryCompileExec2849407790.dir/CheckFunctionExists.c.o: In function `main':
CheckFunctionExists.c:(.text+0x15): undefined reference to `stricmp'
collect2: error: ld returned 1 exit status
CMakeFiles/cmTryCompileExec2849407790.dir/build.make:88: ошибка выполнения рецепта для цели «cmTryCompileExec2849407790»
make[1]: выход из каталога «/root/Документы/NN/ViZDoom-master/CMakeFiles/CMakeTmp»
Makefile:118: ошибка выполнения рецепта для цели «cmTryCompileExec2849407790/fast»
make[1]: *** [cmTryCompileExec2849407790] Ошибка 1
make: *** [cmTryCompileExec2849407790/fast] Ошибка 2


Determining if the function strnicmp exists failed with the following output:
Change Dir: /root/Документы/NN/ViZDoom-master/CMakeFiles/CMakeTmp

Run Build Command:"/usr/bin/make" "cmTryCompileExec680205633/fast"
/usr/bin/make -f CMakeFiles/cmTryCompileExec680205633.dir/build.make CMakeFiles/cmTryCompileExec680205633.dir/build
make[1]: вход в каталог «/root/Документы/NN/ViZDoom-master/CMakeFiles/CMakeTmp»
/usr/bin/cmake -E cmake_progress_report /root/Документы/NN/ViZDoom-master/CMakeFiles/CMakeTmp/CMakeFiles 1
Building C object CMakeFiles/cmTryCompileExec680205633.dir/CheckFunctionExists.c.o
/usr/bin/cc   -Wall -Wextra -Wno-unused -Wno-unused-parameter -Wno-missing-field-initializers -Wno-unused-result   -DCHECK_FUNCTION_EXISTS=strnicmp   -o CMakeFiles/cmTryCompileExec680205633.dir/CheckFunctionExists.c.o   -c /usr/share/cmake-3.0/Modules/CheckFunctionExists.c
Linking C executable cmTryCompileExec680205633
/usr/bin/cmake -E cmake_link_script CMakeFiles/cmTryCompileExec680205633.dir/link.txt --verbose=1
/usr/bin/cc  -Wall -Wextra -Wno-unused -Wno-unused-parameter -Wno-missing-field-initializers -Wno-unused-result   -DCHECK_FUNCTION_EXISTS=strnicmp    CMakeFiles/cmTryCompileExec680205633.dir/CheckFunctionExists.c.o  -o cmTryCompileExec680205633 -rdynamic 
CMakeFiles/cmTryCompileExec680205633.dir/CheckFunctionExists.c.o: In function `main':
CheckFunctionExists.c:(.text+0x15): undefined reference to `strnicmp'
collect2: error: ld returned 1 exit status
CMakeFiles/cmTryCompileExec680205633.dir/build.make:88: ошибка выполнения рецепта для цели «cmTryCompileExec680205633»
make[1]: выход из каталога «/root/Документы/NN/ViZDoom-master/CMakeFiles/CMakeTmp»
Makefile:118: ошибка выполнения рецепта для цели «cmTryCompileExec680205633/fast»
make[1]: *** [cmTryCompileExec680205633] Ошибка 1
make: *** [cmTryCompileExec680205633/fast] Ошибка 2


